{"level":"\u001b[31merror\u001b[39m","timestamp":"2023-06-11 15:34:06"}
{"level":"\u001b[31merror\u001b[39m","timestamp":"2023-06-11 15:37:53"}
{"level":"\u001b[31merror\u001b[39m","timestamp":"2023-06-11 15:40:49"}
{"level":"\u001b[31merror\u001b[39m","timestamp":"2023-06-11 15:41:26"}
{"level":"\u001b[31merror\u001b[39m","timestamp":"2023-06-11 15:43:44"}
{"level":"\u001b[31merror\u001b[39m","timestamp":"2023-06-11 15:44:07"}
{"level":"\u001b[31merror\u001b[39m","timestamp":"2023-06-11 15:50:50"}
{"level":"\u001b[31merror\u001b[39m","timestamp":"2023-06-11 17:23:38"}
{"level":"\u001b[31merror\u001b[39m","timestamp":"2023-06-11 17:25:06"}
{"level":"\u001b[31merror\u001b[39m","timestamp":"2023-06-11 17:26:07"}
{"level":"\u001b[31merror\u001b[39m","timestamp":"2023-06-11 17:28:24"}
{"level":"\u001b[31merror\u001b[39m","timestamp":"2023-06-11 17:30:24"}
{"level":"\u001b[31merror\u001b[39m","timestamp":"2023-06-11 17:45:08"}
{"level":"\u001b[31merror\u001b[39m","timestamp":"2023-06-11 17:54:35"}
{"level":"\u001b[31merror\u001b[39m","timestamp":"2023-06-11 18:02:50"}
{"level":"\u001b[31merror\u001b[39m","timestamp":"2023-06-11 18:05:03"}
{"level":"\u001b[31merror\u001b[39m","timestamp":"2023-06-11 18:05:51"}
{"level":"\u001b[31merror\u001b[39m","timestamp":"2023-06-11 18:08:16"}
{"level":"\u001b[31merror\u001b[39m","timestamp":"2023-06-11 18:08:46"}
{"_message":"Post validation failed","errors":{"title":{"kind":"required","message":"Path `title` is required.","name":"ValidatorError","path":"title","properties":{"message":"Path `title` is required.","path":"title","type":"required"}}},"level":"\u001b[31merror\u001b[39m","timestamp":"2023-06-11 20:16:44"}
{"level":"\u001b[31merror\u001b[39m","timestamp":"2023-06-12 13:35:30"}
{"level":"\u001b[31merror\u001b[39m","path":"comment","timestamp":"2023-06-12 13:44:00"}
{"_message":"Post validation failed","errors":{"image":{"kind":"required","message":"Path `image` is required.","name":"ValidatorError","path":"image","properties":{"message":"Path `image` is required.","path":"image","type":"required"}},"title":{"kind":"required","message":"Path `title` is required.","name":"ValidatorError","path":"title","properties":{"message":"Path `title` is required.","path":"title","type":"required"}}},"level":"\u001b[31merror\u001b[39m","timestamp":"2023-06-12 13:53:16"}
{"_message":"Post validation failed","errors":{"image":{"kind":"required","message":"Path `image` is required.","name":"ValidatorError","path":"image","properties":{"message":"Path `image` is required.","path":"image","type":"required"}},"title":{"kind":"required","message":"Path `title` is required.","name":"ValidatorError","path":"title","properties":{"message":"Path `title` is required.","path":"title","type":"required"}}},"level":"\u001b[31merror\u001b[39m","timestamp":"2023-06-12 13:53:43"}
{"_message":"Post validation failed","errors":{"image":{"kind":"required","message":"Path `image` is required.","name":"ValidatorError","path":"image","properties":{"message":"Path `image` is required.","path":"image","type":"required"}},"title":{"kind":"required","message":"Path `title` is required.","name":"ValidatorError","path":"title","properties":{"message":"Path `title` is required.","path":"title","type":"required"}}},"level":"\u001b[31merror\u001b[39m","timestamp":"2023-06-12 13:59:13"}
{"_message":"Post validation failed","errors":{"image":{"kind":"required","message":"Path `image` is required.","name":"ValidatorError","path":"image","properties":{"message":"Path `image` is required.","path":"image","type":"required"}},"title":{"kind":"required","message":"Path `title` is required.","name":"ValidatorError","path":"title","properties":{"message":"Path `title` is required.","path":"title","type":"required"}}},"level":"\u001b[31merror\u001b[39m","timestamp":"2023-06-12 13:59:48"}
{"_message":"Post validation failed","errors":{"image":{"kind":"required","message":"Path `image` is required.","name":"ValidatorError","path":"image","properties":{"message":"Path `image` is required.","path":"image","type":"required"}},"title":{"kind":"required","message":"Path `title` is required.","name":"ValidatorError","path":"title","properties":{"message":"Path `title` is required.","path":"title","type":"required"}}},"level":"\u001b[31merror\u001b[39m","timestamp":"2023-06-12 14:01:18"}
{"_message":"Post validation failed","errors":{"image":{"kind":"required","message":"Path `image` is required.","name":"ValidatorError","path":"image","properties":{"message":"Path `image` is required.","path":"image","type":"required"}},"title":{"kind":"required","message":"Path `title` is required.","name":"ValidatorError","path":"title","properties":{"message":"Path `title` is required.","path":"title","type":"required"}}},"level":"\u001b[31merror\u001b[39m","timestamp":"2023-06-12 14:02:00"}
{"_message":"Post validation failed","errors":{"image":{"kind":"required","message":"Path `image` is required.","name":"ValidatorError","path":"image","properties":{"message":"Path `image` is required.","path":"image","type":"required"}},"title":{"kind":"required","message":"Path `title` is required.","name":"ValidatorError","path":"title","properties":{"message":"Path `title` is required.","path":"title","type":"required"}}},"level":"\u001b[31merror\u001b[39m","timestamp":"2023-06-12 14:02:43"}
{"_message":"Post validation failed","errors":{"image":{"kind":"required","message":"Path `image` is required.","name":"ValidatorError","path":"image","properties":{"message":"Path `image` is required.","path":"image","type":"required"}},"title":{"kind":"required","message":"Path `title` is required.","name":"ValidatorError","path":"title","properties":{"message":"Path `title` is required.","path":"title","type":"required"}}},"level":"\u001b[31merror\u001b[39m","timestamp":"2023-06-12 14:02:55"}
{"level":"\u001b[31merror\u001b[39m","timestamp":"2023-06-12 18:40:04"}
{"level":"\u001b[31merror\u001b[39m","timestamp":"2023-06-12 18:40:53"}
{"level":"\u001b[31merror\u001b[39m","timestamp":"2023-06-12 18:47:22"}
{"_message":"Post validation failed","errors":{"image":{"kind":"required","message":"Path `image` is required.","name":"ValidatorError","path":"image","properties":{"message":"Path `image` is required.","path":"image","type":"required"}},"title":{"kind":"required","message":"Path `title` is required.","name":"ValidatorError","path":"title","properties":{"message":"Path `title` is required.","path":"title","type":"required"}}},"level":"\u001b[31merror\u001b[39m","timestamp":"2023-06-12 18:56:52"}
{"level":"\u001b[31merror\u001b[39m","message":"\u001b[31mconnect ECONNREFUSED 127.0.0.1:27017\u001b[39m","reason":{"commonWireVersion":0,"compatible":true,"heartbeatFrequencyMS":10000,"localThresholdMS":15,"logicalSessionTimeoutMinutes":null,"maxElectionId":null,"maxSetVersion":null,"servers":{},"setName":null,"stale":false,"type":"Unknown"},"timestamp":"2023-08-03 18:39:20"}
{"level":"\u001b[31merror\u001b[39m","message":"\u001b[31mconnect ECONNREFUSED 127.0.0.1:27017\u001b[39m","reason":{"commonWireVersion":0,"compatible":true,"heartbeatFrequencyMS":10000,"localThresholdMS":15,"logicalSessionTimeoutMinutes":null,"maxElectionId":null,"maxSetVersion":null,"servers":{},"setName":null,"stale":false,"type":"Unknown"},"timestamp":"2023-08-03 18:51:23"}
{"level":"\u001b[31merror\u001b[39m","message":"\u001b[31mconnect ECONNREFUSED 127.0.0.1:27017\u001b[39m","reason":{"commonWireVersion":0,"compatible":true,"heartbeatFrequencyMS":10000,"localThresholdMS":15,"logicalSessionTimeoutMinutes":null,"maxElectionId":null,"maxSetVersion":null,"servers":{},"setName":null,"stale":false,"type":"Unknown"},"timestamp":"2023-08-03 18:52:28"}
{"level":"\u001b[31merror\u001b[39m","message":"\u001b[31mconnect ECONNREFUSED 127.0.0.1:27017\u001b[39m","reason":{"commonWireVersion":0,"compatible":true,"heartbeatFrequencyMS":10000,"localThresholdMS":15,"logicalSessionTimeoutMinutes":null,"maxElectionId":null,"maxSetVersion":null,"servers":{},"setName":null,"stale":false,"type":"Unknown"},"timestamp":"2023-08-03 18:53:37"}
{"level":"\u001b[31merror\u001b[39m","message":"\u001b[31mconnect ECONNREFUSED 127.0.0.1:27017\u001b[39m","reason":{"commonWireVersion":0,"compatible":true,"heartbeatFrequencyMS":10000,"localThresholdMS":15,"logicalSessionTimeoutMinutes":null,"maxElectionId":null,"maxSetVersion":null,"servers":{},"setName":null,"stale":false,"type":"Unknown"},"timestamp":"2023-08-03 18:59:25"}
{"level":"\u001b[31merror\u001b[39m","message":"\u001b[31mconnect ECONNREFUSED 127.0.0.1:27017\u001b[39m","reason":{"commonWireVersion":0,"compatible":true,"heartbeatFrequencyMS":10000,"localThresholdMS":15,"logicalSessionTimeoutMinutes":null,"maxElectionId":null,"maxSetVersion":null,"servers":{},"setName":null,"stale":false,"type":"Unknown"},"timestamp":"2023-08-03 19:20:25"}
{"level":"\u001b[31merror\u001b[39m","message":"\u001b[31mconnect ECONNREFUSED 127.0.0.1:27017\u001b[39m","reason":{"commonWireVersion":0,"compatible":true,"heartbeatFrequencyMS":10000,"localThresholdMS":15,"logicalSessionTimeoutMinutes":null,"maxElectionId":null,"maxSetVersion":null,"servers":{},"setName":null,"stale":false,"type":"Unknown"},"timestamp":"2023-08-03 19:21:29"}
{"level":"\u001b[31merror\u001b[39m","message":"\u001b[31mconnect ECONNREFUSED 127.0.0.1:27017\u001b[39m","reason":{"commonWireVersion":0,"compatible":true,"heartbeatFrequencyMS":10000,"localThresholdMS":15,"logicalSessionTimeoutMinutes":null,"maxElectionId":null,"maxSetVersion":null,"servers":{},"setName":null,"stale":false,"type":"Unknown"},"timestamp":"2023-08-03 19:25:19"}
{"level":"\u001b[31merror\u001b[39m","message":"\u001b[31mconnect ECONNREFUSED 127.0.0.1:27017\u001b[39m","reason":{"commonWireVersion":0,"compatible":true,"heartbeatFrequencyMS":10000,"localThresholdMS":15,"logicalSessionTimeoutMinutes":null,"maxElectionId":null,"maxSetVersion":null,"servers":{},"setName":null,"stale":false,"type":"Unknown"},"timestamp":"2023-08-03 19:29:34"}
{"level":"\u001b[31merror\u001b[39m","message":"\u001b[31mconnect ECONNREFUSED 127.0.0.1:27017\u001b[39m","reason":{"commonWireVersion":0,"compatible":true,"heartbeatFrequencyMS":10000,"localThresholdMS":15,"logicalSessionTimeoutMinutes":null,"maxElectionId":null,"maxSetVersion":null,"servers":{},"setName":null,"stale":false,"type":"Unknown"},"timestamp":"2023-08-03 19:32:44"}
{"level":"\u001b[31merror\u001b[39m","timestamp":"2023-08-03 19:47:36"}
{"level":"\u001b[31merror\u001b[39m","message":"\u001b[31mconnect ECONNREFUSED 127.0.0.1:27017\u001b[39m","reason":{"commonWireVersion":0,"compatible":true,"heartbeatFrequencyMS":10000,"localThresholdMS":15,"logicalSessionTimeoutMinutes":null,"maxElectionId":null,"maxSetVersion":null,"servers":{},"setName":null,"stale":false,"type":"Unknown"},"timestamp":"2023-08-05 12:07:36"}
{"code":11000,"index":0,"keyPattern":{"email":1},"keyValue":{"email":"text2@mail.com"},"level":"\u001b[31merror\u001b[39m","timestamp":"2023-08-05 18:21:12"}
{"code":11000,"index":0,"keyPattern":{"email":1},"keyValue":{"email":"text2@mail.com"},"level":"\u001b[31merror\u001b[39m","timestamp":"2023-08-05 18:21:53"}
{"code":11000,"index":0,"keyPattern":{"email":1},"keyValue":{"email":"text2@mail.com"},"level":"\u001b[31merror\u001b[39m","timestamp":"2023-08-05 18:29:47"}
{"level":"\u001b[31merror\u001b[39m","timestamp":"2023-08-05 19:26:55"}
{"level":"\u001b[31merror\u001b[39m","timestamp":"2023-08-05 19:29:15"}
{"level":"\u001b[31merror\u001b[39m","timestamp":"2023-08-05 19:30:48"}
{"level":"\u001b[31merror\u001b[39m","timestamp":"2023-08-05 19:33:53"}
{"level":"\u001b[31merror\u001b[39m","timestamp":"2023-08-05 19:38:40"}
{"level":"\u001b[31merror\u001b[39m","timestamp":"2023-08-05 20:38:12"}
{"level":"\u001b[31merror\u001b[39m","timestamp":"2023-08-05 20:39:32"}
{"level":"\u001b[31merror\u001b[39m","timestamp":"2023-08-05 20:53:15"}
{"level":"\u001b[31merror\u001b[39m","timestamp":"2023-08-05 20:55:32"}
{"level":"\u001b[31merror\u001b[39m","timestamp":"2023-08-05 20:57:32"}
{"level":"\u001b[31merror\u001b[39m","timestamp":"2023-08-05 20:58:24"}
{"level":"\u001b[31merror\u001b[39m","timestamp":"2023-08-05 21:00:35"}
{"level":"\u001b[31merror\u001b[39m","timestamp":"2023-08-05 21:06:30"}
{"level":"\u001b[31merror\u001b[39m","timestamp":"2023-08-05 21:13:41"}
{"level":"\u001b[31merror\u001b[39m","timestamp":"2023-08-05 21:16:38"}
{"level":"\u001b[31merror\u001b[39m","timestamp":"2023-08-05 21:17:40"}
{"level":"\u001b[31merror\u001b[39m","timestamp":"2023-08-05 21:24:49"}
{"level":"\u001b[31merror\u001b[39m","timestamp":"2023-08-05 21:28:55"}
{"level":"\u001b[31merror\u001b[39m","timestamp":"2023-08-05 21:30:27"}
{"level":"\u001b[31merror\u001b[39m","timestamp":"2023-08-05 21:31:54"}
{"level":"\u001b[31merror\u001b[39m","timestamp":"2023-08-06 21:55:09"}
{"level":"\u001b[31merror\u001b[39m","timestamp":"2023-08-06 21:55:09"}
{"level":"\u001b[31merror\u001b[39m","timestamp":"2023-08-06 21:55:59"}
{"level":"\u001b[31merror\u001b[39m","timestamp":"2023-08-06 21:55:59"}
{"level":"\u001b[31merror\u001b[39m","timestamp":"2023-08-06 21:56:15"}
{"level":"\u001b[31merror\u001b[39m","timestamp":"2023-08-06 21:56:16"}
{"level":"\u001b[31merror\u001b[39m","timestamp":"2023-08-06 21:56:48"}
{"level":"\u001b[31merror\u001b[39m","timestamp":"2023-08-06 21:56:49"}
{"level":"\u001b[31merror\u001b[39m","timestamp":"2023-08-06 21:57:07"}
{"level":"\u001b[31merror\u001b[39m","timestamp":"2023-08-06 21:57:07"}
{"level":"\u001b[31merror\u001b[39m","timestamp":"2023-08-06 21:59:18"}
{"level":"\u001b[31merror\u001b[39m","timestamp":"2023-08-06 21:59:18"}
{"level":"\u001b[31merror\u001b[39m","timestamp":"2023-08-06 22:02:55"}
{"level":"\u001b[31merror\u001b[39m","timestamp":"2023-08-06 22:11:07"}
{"level":"\u001b[31merror\u001b[39m","timestamp":"2023-08-06 22:11:07"}
{"level":"\u001b[31merror\u001b[39m","timestamp":"2023-08-06 22:12:07"}
{"level":"\u001b[31merror\u001b[39m","timestamp":"2023-08-06 22:19:32"}
{"level":"\u001b[31merror\u001b[39m","timestamp":"2023-08-06 22:19:32"}
{"level":"\u001b[31merror\u001b[39m","timestamp":"2023-08-06 22:20:04"}
{"level":"\u001b[31merror\u001b[39m","timestamp":"2023-08-06 22:20:04"}
{"level":"\u001b[31merror\u001b[39m","timestamp":"2023-08-06 22:37:39"}
{"level":"\u001b[31merror\u001b[39m","message":"\u001b[31mconnect ECONNREFUSED 127.0.0.1:27017\u001b[39m","reason":{"commonWireVersion":0,"compatible":true,"heartbeatFrequencyMS":10000,"localThresholdMS":15,"logicalSessionTimeoutMinutes":null,"maxElectionId":null,"maxSetVersion":null,"servers":{},"setName":null,"stale":false,"type":"Unknown"},"timestamp":"2023-08-07 16:56:20"}
{"level":"\u001b[31merror\u001b[39m","message":"\u001b[31mconnect ECONNREFUSED 127.0.0.1:27017\u001b[39m","reason":{"commonWireVersion":0,"compatible":true,"heartbeatFrequencyMS":10000,"localThresholdMS":15,"logicalSessionTimeoutMinutes":null,"maxElectionId":null,"maxSetVersion":null,"servers":{},"setName":null,"stale":false,"type":"Unknown"},"timestamp":"2023-08-08 11:10:23"}
